<?xml version="1.0" encoding="UTF-8"?>
<testsuite xmlns:xsi="http://www.w3.org/2001/XMLSchema-instance" xsi:noNamespaceSchemaLocation="https://maven.apache.org/surefire/maven-surefire-plugin/xsd/surefire-test-report.xsd" version="3.0.2" name="com.bookapp.BackendApplicationTests" time="13.082" tests="1" errors="0" skipped="0" failures="0" flakes="0">
  <properties>
[...]
</properties>
  <testcase name="contextLoads" classname="com.bookapp.BackendApplicationTests" time="1.999">
    <system-out><![CDATA[22:43:02.310 [main] INFO org.springframework.test.context.support.AnnotationConfigContextLoaderUtils -- Could not detect default configuration classes for test class [com.bookapp.BackendApplicationTests]: BackendApplicationTests does not declare any static, non-private, non-final, nested classes annotated with @Configuration.
22:43:02.501 [main] INFO org.springframework.boot.test.context.SpringBootTestContextBootstrapper -- Found @SpringBootConfiguration com.bookapp.BackendApplication for test class com.bookapp.BackendApplicationTests
22:43:02.653 [main] INFO org.springframework.test.context.support.AnnotationConfigContextLoaderUtils -- Could not detect default configuration classes for test class [com.bookapp.BackendApplicationTests]: BackendApplicationTests does not declare any static, non-private, non-final, nested classes annotated with @Configuration.
22:43:02.656 [main] INFO org.springframework.boot.test.context.SpringBootTestContextBootstrapper -- Found @SpringBootConfiguration com.bookapp.BackendApplication for test class com.bookapp.BackendApplicationTests

  .   ____          _            __ _ _
 /\\ / ___'_ __ _ _(_)_ __  __ _ \ \ \ \
( ( )\___ | '_ | '_| | '_ \/ _` | \ \ \ \
 \\/  ___)| |_)| | | | | || (_| |  ) ) ) )
  '  |____| .__|_| |_|_| |_\__, | / / / /
 =========|_|==============|___/=/_/_/_/

 :: Spring Boot ::                (v4.0.4)

2026-03-30T22:43:04.602+07:00  INFO 12788 --- [backend] [           main] com.bookapp.BackendApplicationTests      : Starting BackendApplicationTests using Java 21.0.7 with PID 12788 (started by USER in D:\Book_App\BTL-Mobile\BookApp\backend)
2026-03-30T22:43:04.607+07:00  INFO 12788 --- [backend] [           main] com.bookapp.BackendApplicationTests      : No active profile set, falling back to 1 default profile: "default"
2026-03-30T22:43:06.698+07:00  INFO 12788 --- [backend] [           main] .s.d.r.c.RepositoryConfigurationDelegate : Bootstrapping Spring Data MongoDB repositories in DEFAULT mode.
2026-03-30T22:43:06.874+07:00  INFO 12788 --- [backend] [           main] .s.d.r.c.RepositoryConfigurationDelegate : Finished Spring Data repository scanning in 150 ms. Found 6 MongoDB repository interfaces.
2026-03-30T22:43:08.232+07:00  INFO 12788 --- [backend] [           main] org.mongodb.driver.client                : MongoClient with metadata {"application": {"name": "Cluster0"}, "driver": {"name": "mongo-java-driver|spring-boot|sync", "version": "5.6.4"}, "os": {"type": "Windows", "name": "Windows 11", "architecture": "amd64", "version": "10.0"}, "platform": "Java/Oracle Corporation/21.0.7+8-LTS-245"} created with settings MongoClientSettings{readPreference=primary, writeConcern=WriteConcern{w=null, wTimeout=null ms, journal=null}, retryWrites=true, retryReads=true, readConcern=ReadConcern{level=null}, credential=MongoCredential{mechanism=null, userName='book_app', source='admin', password=<hidden>, mechanismProperties=<hidden>}, transportSettings=null, commandListeners=[], codecRegistry=ProvidersCodecRegistry{codecProviders=[ValueCodecProvider{}, BsonValueCodecProvider{}, DBRefCodecProvider{}, DBObjectCodecProvider{}, DocumentCodecProvider{}, CollectionCodecProvider{}, IterableCodecProvider{}, MapCodecProvider{}, GeoJsonCodecProvider{}, GridFSFileCodecProvider{}, Jsr310CodecProvider{}, JsonObjectCodecProvider{}, BsonCodecProvider{}, com.mongodb.client.model.mql.ExpressionCodecProvider@6897a4a, com.mongodb.Jep395RecordCodecProvider@6986f93e, com.mongodb.KotlinCodecProvider@6bce313, EnumCodecProvider{}]}, loggerSettings=LoggerSettings{maxDocumentLength=1000}, clusterSettings={hosts=[127.0.0.1:27017], srvHost=cluster0.wq1wglc.mongodb.net, srvServiceName=mongodb, mode=MULTIPLE, requiredClusterType=REPLICA_SET, requiredReplicaSetName='atlas-fmn33n-shard-0', serverSelector='null', clusterListeners='[]', serverSelectionTimeout='30000 ms', localThreshold='15 ms'}, socketSettings=SocketSettings{connectTimeoutMS=10000, readTimeoutMS=0, receiveBufferSize=0, proxySettings=ProxySettings{host=null, port=null, username=null, password=null}}, heartbeatSocketSettings=SocketSettings{connectTimeoutMS=10000, readTimeoutMS=10000, receiveBufferSize=0, proxySettings=ProxySettings{host=null, port=null, username=null, password=null}}, connectionPoolSettings=ConnectionPoolSettings{maxSize=100, minSize=0, maxWaitTimeMS=120000, maxConnectionLifeTimeMS=0, maxConnectionIdleTimeMS=0, maintenanceInitialDelayMS=0, maintenanceFrequencyMS=60000, connectionPoolListeners=[], maxConnecting=2}, serverSettings=ServerSettings{heartbeatFrequencyMS=10000, minHeartbeatFrequencyMS=500, serverMonitoringMode=AUTO, serverListeners='[]', serverMonitorListeners='[]'}, sslSettings=SslSettings{enabled=true, invalidHostNameAllowed=false, context=null}, applicationName='Cluster0', compressorList=[], uuidRepresentation=UNSPECIFIED, serverApi=null, autoEncryptionSettings=null, dnsClient=null, inetAddressResolver=null, contextProvider=null, timeoutMS=null}
2026-03-30T22:43:08.233+07:00  INFO 12788 --- [backend] [glc.mongodb.net] org.mongodb.driver.cluster               : Adding discovered server ac-6gnvb7y-shard-00-02.wq1wglc.mongodb.net:27017 to client view of cluster
2026-03-30T22:43:08.274+07:00  INFO 12788 --- [backend] [glc.mongodb.net] org.mongodb.driver.cluster               : Adding discovered server ac-6gnvb7y-shard-00-01.wq1wglc.mongodb.net:27017 to client view of cluster
2026-03-30T22:43:08.276+07:00  INFO 12788 --- [backend] [glc.mongodb.net] org.mongodb.driver.cluster               : Adding discovered server ac-6gnvb7y-shard-00-00.wq1wglc.mongodb.net:27017 to client view of cluster
2026-03-30T22:43:09.329+07:00  INFO 12788 --- [backend] [ngodb.net:27017] org.mongodb.driver.cluster               : Monitor thread successfully connected to server with description ServerDescription{address=ac-6gnvb7y-shard-00-00.wq1wglc.mongodb.net:27017, type=REPLICA_SET_SECONDARY, cryptd=false, state=CONNECTED, ok=true, minWireVersion=0, maxWireVersion=25, maxDocumentSize=16777216, logicalSessionTimeoutMinutes=30, roundTripTimeNanos=474758200, minRoundTripTimeNanos=0, setName='atlas-fmn33n-shard-0', canonicalAddress=ac-6gnvb7y-shard-00-00.wq1wglc.mongodb.net:27017, hosts=[ac-6gnvb7y-shard-00-00.wq1wglc.mongodb.net:27017, ac-6gnvb7y-shard-00-01.wq1wglc.mongodb.net:27017, ac-6gnvb7y-shard-00-02.wq1wglc.mongodb.net:27017], passives=[], arbiters=[], primary='ac-6gnvb7y-shard-00-01.wq1wglc.mongodb.net:27017', tagSet=TagSet{[Tag{name='availabilityZone', value='asia-southeast1-a'}, Tag{name='diskState', value='READY'}, Tag{name='nodeType', value='ELECTABLE'}, Tag{name='provider', value='GCP'}, Tag{name='region', value='SOUTHEASTERN_ASIA_PACIFIC'}, Tag{name='workloadType', value='OPERATIONAL'}]}, electionId=null, setVersion=42, topologyVersion=TopologyVersion{processId=69b955b616d56d51647fd045, counter=4}, lastWriteDate=Mon Mar 30 22:43:07 ICT 2026, lastUpdateTimeNanos=435501830472600}
2026-03-30T22:43:09.331+07:00  INFO 12788 --- [backend] [ngodb.net:27017] org.mongodb.driver.cluster               : Monitor thread successfully connected to server with description ServerDescription{address=ac-6gnvb7y-shard-00-01.wq1wglc.mongodb.net:27017, type=REPLICA_SET_PRIMARY, cryptd=false, state=CONNECTED, ok=true, minWireVersion=0, maxWireVersion=25, maxDocumentSize=16777216, logicalSessionTimeoutMinutes=30, roundTripTimeNanos=474853500, minRoundTripTimeNanos=0, setName='atlas-fmn33n-shard-0', canonicalAddress=ac-6gnvb7y-shard-00-01.wq1wglc.mongodb.net:27017, hosts=[ac-6gnvb7y-shard-00-00.wq1wglc.mongodb.net:27017, ac-6gnvb7y-shard-00-01.wq1wglc.mongodb.net:27017, ac-6gnvb7y-shard-00-02.wq1wglc.mongodb.net:27017], passives=[], arbiters=[], primary='ac-6gnvb7y-shard-00-01.wq1wglc.mongodb.net:27017', tagSet=TagSet{[Tag{name='availabilityZone', value='asia-southeast1-b'}, Tag{name='diskState', value='READY'}, Tag{name='nodeType', value='ELECTABLE'}, Tag{name='provider', value='GCP'}, Tag{name='region', value='SOUTHEASTERN_ASIA_PACIFIC'}, Tag{name='workloadType', value='OPERATIONAL'}]}, electionId=7fffffff0000000000000076, setVersion=42, topologyVersion=TopologyVersion{processId=69b958e78122ff2793fc8d40, counter=6}, lastWriteDate=Mon Mar 30 22:43:07 ICT 2026, lastUpdateTimeNanos=435501830472500}
2026-03-30T22:43:09.336+07:00  INFO 12788 --- [backend] [ngodb.net:27017] org.mongodb.driver.cluster               : Monitor thread successfully connected to server with description ServerDescription{address=ac-6gnvb7y-shard-00-02.wq1wglc.mongodb.net:27017, type=REPLICA_SET_SECONDARY, cryptd=false, state=CONNECTED, ok=true, minWireVersion=0, maxWireVersion=25, maxDocumentSize=16777216, logicalSessionTimeoutMinutes=30, roundTripTimeNanos=475015000, minRoundTripTimeNanos=0, setName='atlas-fmn33n-shard-0', canonicalAddress=ac-6gnvb7y-shard-00-02.wq1wglc.mongodb.net:27017, hosts=[ac-6gnvb7y-shard-00-00.wq1wglc.mongodb.net:27017, ac-6gnvb7y-shard-00-01.wq1wglc.mongodb.net:27017, ac-6gnvb7y-shard-00-02.wq1wglc.mongodb.net:27017], passives=[], arbiters=[], primary='ac-6gnvb7y-shard-00-01.wq1wglc.mongodb.net:27017', tagSet=TagSet{[Tag{name='availabilityZone', value='asia-southeast1-c'}, Tag{name='diskState', value='READY'}, Tag{name='nodeType', value='ELECTABLE'}, Tag{name='provider', value='GCP'}, Tag{name='region', value='SOUTHEASTERN_ASIA_PACIFIC'}, Tag{name='workloadType', value='OPERATIONAL'}]}, electionId=null, setVersion=42, topologyVersion=TopologyVersion{processId=69b95b8215d767c01d0824fa, counter=3}, lastWriteDate=Mon Mar 30 22:43:07 ICT 2026, lastUpdateTimeNanos=435501830624100}
2026-03-30T22:43:09.338+07:00  INFO 12788 --- [backend] [ngodb.net:27017] org.mongodb.driver.cluster               : Discovered replica set primary ac-6gnvb7y-shard-00-01.wq1wglc.mongodb.net:27017 with max election id 7fffffff0000000000000076 and max set version 42
2026-03-30T22:43:10.200+07:00  INFO 12788 --- [backend] [           main] com.bookapp.BackendApplicationTests      : Started BackendApplicationTests in 7.252 seconds (process running for 9.766)
]]></system-out>
    <system-err><![CDATA[Mockito is currently self-attaching to enable the inline-mock-maker. This will no longer work in future releases of the JDK. Please add Mockito as an agent to your build as described in Mockito's documentation: https://javadoc.io/doc/org.mockito/mockito-core/latest/org.mockito/org/mockito/Mockito.html#0.3
WARNING: A Java agent has been loaded dynamically (C:\Users\USER\.m2\repository\net\bytebuddy\byte-buddy-agent\1.17.8\byte-buddy-agent-1.17.8.jar)
WARNING: If a serviceability tool is in use, please run with -XX:+EnableDynamicAgentLoading to hide this warning
WARNING: If a serviceability tool is not in use, please run with -Djdk.instrument.traceUsage for more information
WARNING: Dynamic loading of agents will be disallowed by default in a future release
]]></system-err>
  </testcase>
</testsuite>